# JRE version: Java(TM) SE Runtime Environment (8.0_144-b01) (build 1.8.0_144-b01)
# Java VM: Java HotSpot(TM) 64-Bit Server VM (25.144-b01 mixed mode windows-amd64 compressed oops)
Heap:
 PSYoungGen      total 24576K, used 12160K [0x00000000d5d00000, 0x00000000fa880000, 0x0000000100000000)
  eden space 24064K, 50% used [0x00000000d5d00000,0x00000000d68d83e0,0x00000000d7480000)
  from space 512K, 6% used [0x00000000fa800000,0x00000000fa808000,0x00000000fa880000)
  to   space 512K, 0% used [0x00000000fa780000,0x00000000fa780000,0x00000000fa800000)
 ParOldGen       total 132608K, used 65101K [0x0000000081600000, 0x0000000089780000, 0x00000000d5d00000)
  object space 132608K, 49% used [0x0000000081600000,0x0000000085593460,0x0000000089780000)
 Metaspace       used 10627K, capacity 10846K, committed 11008K, reserved 1058816K
  class space    used 1150K, capacity 1223K, committed 1280K, reserved 1048576K
GC Heap History (10 events):
Event: 8470118.787 GC heap before
{Heap before GC invocations=37715 (full 1):
 PSYoungGen      total 24576K, used 24096K [0x00000000d5d00000, 0x00000000fa880000, 0x0000000100000000)
  eden space 24064K, 100% used [0x00000000d5d00000,0x00000000d7480000,0x00000000d7480000)
  from space 512K, 6% used [0x00000000fa780000,0x00000000fa788000,0x00000000fa800000)
  to   space 512K, 0% used [0x00000000fa800000,0x00000000fa800000,0x00000000fa880000)
 ParOldGen       total 132608K, used 65101K [0x0000000081600000, 0x0000000089780000, 0x00000000d5d00000)
  object space 132608K, 49% used [0x0000000081600000,0x0000000085593460,0x0000000089780000)
 Metaspace       used 10619K, capacity 10846K, committed 11008K, reserved 1058816K
  class space    used 1150K, capacity 1223K, committed 1280K, reserved 1048576K
Event: 8470118.788 GC heap after
Heap after GC invocations=37715 (full 1):
 PSYoungGen      total 24576K, used 64K [0x00000000d5d00000, 0x00000000fa880000, 0x0000000100000000)
  eden space 24064K, 0% used [0x00000000d5d00000,0x00000000d5d00000,0x00000000d7480000)
  from space 512K, 12% used [0x00000000fa800000,0x00000000fa810000,0x00000000fa880000)
  to   space 512K, 0% used [0x00000000fa780000,0x00000000fa780000,0x00000000fa800000)
 ParOldGen       total 132608K, used 65101K [0x0000000081600000, 0x0000000089780000, 0x00000000d5d00000)
  object space 132608K, 49% used [0x0000000081600000,0x0000000085593460,0x0000000089780000)
 Metaspace       used 10619K, capacity 10846K, committed 11008K, reserved 1058816K
  class space    used 1150K, capacity 1223K, committed 1280K, reserved 1048576K
}
Event: 8470340.789 GC heap before
{Heap before GC invocations=37716 (full 1):
 PSYoungGen      total 24576K, used 24128K [0x00000000d5d00000, 0x00000000fa880000, 0x0000000100000000)
  eden space 24064K, 100% used [0x00000000d5d00000,0x00000000d7480000,0x00000000d7480000)
  from space 512K, 12% used [0x00000000fa800000,0x00000000fa810000,0x00000000fa880000)
  to   space 512K, 0% used [0x00000000fa780000,0x00000000fa780000,0x00000000fa800000)
 ParOldGen       total 132608K, used 65101K [0x0000000081600000, 0x0000000089780000, 0x00000000d5d00000)
  object space 132608K, 49% used [0x0000000081600000,0x0000000085593460,0x0000000089780000)
 Metaspace       used 10619K, capacity 10846K, committed 11008K, reserved 1058816K
  class space    used 1150K, capacity 1223K, committed 1280K, reserved 1048576K
Event: 8470340.790 GC heap after
Heap after GC invocations=37716 (full 1):
 PSYoungGen      total 24576K, used 64K [0x00000000d5d00000, 0x00000000fa880000, 0x0000000100000000)
  eden space 24064K, 0% used [0x00000000d5d00000,0x00000000d5d00000,0x00000000d7480000)
  from space 512K, 12% used [0x00000000fa780000,0x00000000fa790000,0x00000000fa800000)
  to   space 512K, 0% used [0x00000000fa800000,0x00000000fa800000,0x00000000fa880000)
 ParOldGen       total 132608K, used 65101K [0x0000000081600000, 0x0000000089780000, 0x00000000d5d00000)
  object space 132608K, 49% used [0x0000000081600000,0x0000000085593460,0x0000000089780000)
 Metaspace       used 10619K, capacity 10846K, committed 11008K, reserved 1058816K
  class space    used 1150K, capacity 1223K, committed 1280K, reserved 1048576K
}
Event: 8470562.791 GC heap before
{Heap before GC invocations=37717 (full 1):
 PSYoungGen      total 24576K, used 24128K [0x00000000d5d00000, 0x00000000fa880000, 0x0000000100000000)
  eden space 24064K, 100% used [0x00000000d5d00000,0x00000000d7480000,0x00000000d7480000)
  from space 512K, 12% used [0x00000000fa780000,0x00000000fa790000,0x00000000fa800000)
  to   space 512K, 0% used [0x00000000fa800000,0x00000000fa800000,0x00000000fa880000)
 ParOldGen       total 132608K, used 65101K [0x0000000081600000, 0x0000000089780000, 0x00000000d5d00000)
  object space 132608K, 49% used [0x0000000081600000,0x0000000085593460,0x0000000089780000)
 Metaspace       used 10619K, capacity 10846K, committed 11008K, reserved 1058816K
  class space    used 1150K, capacity 1223K, committed 1280K, reserved 1048576K
Event: 8470562.791 GC heap after
Heap after GC invocations=37717 (full 1):
 PSYoungGen      total 24576K, used 64K [0x00000000d5d00000, 0x00000000fa880000, 0x0000000100000000)
  eden space 24064K, 0% used [0x00000000d5d00000,0x00000000d5d00000,0x00000000d7480000)
  from space 512K, 12% used [0x00000000fa800000,0x00000000fa810000,0x00000000fa880000)
  to   space 512K, 0% used [0x00000000fa780000,0x00000000fa780000,0x00000000fa800000)
 ParOldGen       total 132608K, used 65101K [0x0000000081600000, 0x0000000089780000, 0x00000000d5d00000)
  object space 132608K, 49% used [0x0000000081600000,0x0000000085593460,0x0000000089780000)
 Metaspace       used 10619K, capacity 10846K, committed 11008K, reserved 1058816K
  class space    used 1150K, capacity 1223K, committed 1280K, reserved 1048576K
}
Event: 8470784.792 GC heap before
{Heap before GC invocations=37718 (full 1):
 PSYoungGen      total 24576K, used 24128K [0x00000000d5d00000, 0x00000000fa880000, 0x0000000100000000)
  eden space 24064K, 100% used [0x00000000d5d00000,0x00000000d7480000,0x00000000d7480000)
  from space 512K, 12% used [0x00000000fa800000,0x00000000fa810000,0x00000000fa880000)
  to   space 512K, 0% used [0x00000000fa780000,0x00000000fa780000,0x00000000fa800000)
 ParOldGen       total 132608K, used 65101K [0x0000000081600000, 0x0000000089780000, 0x00000000d5d00000)
  object space 132608K, 49% used [0x0000000081600000,0x0000000085593460,0x0000000089780000)
 Metaspace       used 10619K, capacity 10846K, committed 11008K, reserved 1058816K
  class space    used 1150K, capacity 1223K, committed 1280K, reserved 1048576K
Event: 8470784.793 GC heap after
Heap after GC invocations=37718 (full 1):
 PSYoungGen      total 24576K, used 32K [0x00000000d5d00000, 0x00000000fa880000, 0x0000000100000000)
  eden space 24064K, 0% used [0x00000000d5d00000,0x00000000d5d00000,0x00000000d7480000)
  from space 512K, 6% used [0x00000000fa780000,0x00000000fa788000,0x00000000fa800000)
  to   space 512K, 0% used [0x00000000fa800000,0x00000000fa800000,0x00000000fa880000)
 ParOldGen       total 132608K, used 65101K [0x0000000081600000, 0x0000000089780000, 0x00000000d5d00000)
  object space 132608K, 49% used [0x0000000081600000,0x0000000085593460,0x0000000089780000)
 Metaspace       used 10619K, capacity 10846K, committed 11008K, reserved 1058816K
  class space    used 1150K, capacity 1223K, committed 1280K, reserved 1048576K
}
Event: 8471006.794 GC heap before
{Heap before GC invocations=37719 (full 1):
 PSYoungGen      total 24576K, used 24096K [0x00000000d5d00000, 0x00000000fa880000, 0x0000000100000000)
  eden space 24064K, 100% used [0x00000000d5d00000,0x00000000d7480000,0x00000000d7480000)
  from space 512K, 6% used [0x00000000fa780000,0x00000000fa788000,0x00000000fa800000)
  to   space 512K, 0% used [0x00000000fa800000,0x00000000fa800000,0x00000000fa880000)
 ParOldGen       total 132608K, used 65101K [0x0000000081600000, 0x0000000089780000, 0x00000000d5d00000)
  object space 132608K, 49% used [0x0000000081600000,0x0000000085593460,0x0000000089780000)
 Metaspace       used 10619K, capacity 10846K, committed 11008K, reserved 1058816K
  class space    used 1150K, capacity 1223K, committed 1280K, reserved 1048576K
Event: 8471006.795 GC heap after
Heap after GC invocations=37719 (full 1):
 PSYoungGen      total 24576K, used 32K [0x00000000d5d00000, 0x00000000fa880000, 0x0000000100000000)
  eden space 24064K, 0% used [0x00000000d5d00000,0x00000000d5d00000,0x00000000d7480000)
  from space 512K, 6% used [0x00000000fa800000,0x00000000fa808000,0x00000000fa880000)
  to   space 512K, 0% used [0x00000000fa780000,0x00000000fa780000,0x00000000fa800000)
 ParOldGen       total 132608K, used 65101K [0x0000000081600000, 0x0000000089780000, 0x00000000d5d00000)
  object space 132608K, 49% used [0x0000000081600000,0x0000000085593460,0x0000000089780000)
 Metaspace       used 10619K, capacity 10846K, committed 11008K, reserved 1058816K
  class space    used 1150K, capacity 1223K, committed 1280K, reserved 1048576K
}

