# JRE version: Java(TM) SE Runtime Environment (8.0_144-b01) (build 1.8.0_144-b01)
# Java VM: Java HotSpot(TM) 64-Bit Server VM (25.144-b01 mixed mode windows-amd64 compressed oops)
Heap:
 PSYoungGen      total 24576K, used 23337K [0x00000000d5d00000, 0x00000000fd880000, 0x0000000100000000)
  eden space 24064K, 96% used [0x00000000d5d00000,0x00000000d73ba678,0x00000000d7480000)
  from space 512K, 12% used [0x00000000fd780000,0x00000000fd790000,0x00000000fd800000)
  to   space 512K, 0% used [0x00000000fd800000,0x00000000fd800000,0x00000000fd880000)
 ParOldGen       total 132096K, used 65004K [0x0000000081600000, 0x0000000089700000, 0x00000000d5d00000)
  object space 132096K, 49% used [0x0000000081600000,0x000000008557b270,0x0000000089700000)
 Metaspace       used 10759K, capacity 10978K, committed 11264K, reserved 1058816K
  class space    used 1149K, capacity 1223K, committed 1280K, reserved 1048576K
GC Heap History (10 events):
Event: 25769241.892 GC heap before
{Heap before GC invocations=116386 (full 1):
 PSYoungGen      total 24576K, used 24096K [0x00000000d5d00000, 0x00000000fd880000, 0x0000000100000000)
  eden space 24064K, 100% used [0x00000000d5d00000,0x00000000d7480000,0x00000000d7480000)
  from space 512K, 6% used [0x00000000fd800000,0x00000000fd808000,0x00000000fd880000)
  to   space 512K, 0% used [0x00000000fd780000,0x00000000fd780000,0x00000000fd800000)
 ParOldGen       total 132096K, used 65004K [0x0000000081600000, 0x0000000089700000, 0x00000000d5d00000)
  object space 132096K, 49% used [0x0000000081600000,0x000000008557b270,0x0000000089700000)
 Metaspace       used 10716K, capacity 10914K, committed 11264K, reserved 1058816K
  class space    used 1149K, capacity 1223K, committed 1280K, reserved 1048576K
Event: 25769241.893 GC heap after
Heap after GC invocations=116386 (full 1):
 PSYoungGen      total 24576K, used 32K [0x00000000d5d00000, 0x00000000fd880000, 0x0000000100000000)
  eden space 24064K, 0% used [0x00000000d5d00000,0x00000000d5d00000,0x00000000d7480000)
  from space 512K, 6% used [0x00000000fd780000,0x00000000fd788000,0x00000000fd800000)
  to   space 512K, 0% used [0x00000000fd800000,0x00000000fd800000,0x00000000fd880000)
 ParOldGen       total 132096K, used 65004K [0x0000000081600000, 0x0000000089700000, 0x00000000d5d00000)
  object space 132096K, 49% used [0x0000000081600000,0x000000008557b270,0x0000000089700000)
 Metaspace       used 10716K, capacity 10914K, committed 11264K, reserved 1058816K
  class space    used 1149K, capacity 1223K, committed 1280K, reserved 1048576K
}
Event: 25769463.560 GC heap before
{Heap before GC invocations=116387 (full 1):
 PSYoungGen      total 24576K, used 24096K [0x00000000d5d00000, 0x00000000fd880000, 0x0000000100000000)
  eden space 24064K, 100% used [0x00000000d5d00000,0x00000000d7480000,0x00000000d7480000)
  from space 512K, 6% used [0x00000000fd780000,0x00000000fd788000,0x00000000fd800000)
  to   space 512K, 0% used [0x00000000fd800000,0x00000000fd800000,0x00000000fd880000)
 ParOldGen       total 132096K, used 65004K [0x0000000081600000, 0x0000000089700000, 0x00000000d5d00000)
  object space 132096K, 49% used [0x0000000081600000,0x000000008557b270,0x0000000089700000)
 Metaspace       used 10716K, capacity 10914K, committed 11264K, reserved 1058816K
  class space    used 1149K, capacity 1223K, committed 1280K, reserved 1048576K
Event: 25769463.561 GC heap after
Heap after GC invocations=116387 (full 1):
 PSYoungGen      total 24576K, used 96K [0x00000000d5d00000, 0x00000000fd880000, 0x0000000100000000)
  eden space 24064K, 0% used [0x00000000d5d00000,0x00000000d5d00000,0x00000000d7480000)
  from space 512K, 18% used [0x00000000fd800000,0x00000000fd818000,0x00000000fd880000)
  to   space 512K, 0% used [0x00000000fd780000,0x00000000fd780000,0x00000000fd800000)
 ParOldGen       total 132096K, used 65004K [0x0000000081600000, 0x0000000089700000, 0x00000000d5d00000)
  object space 132096K, 49% used [0x0000000081600000,0x000000008557b270,0x0000000089700000)
 Metaspace       used 10716K, capacity 10914K, committed 11264K, reserved 1058816K
  class space    used 1149K, capacity 1223K, committed 1280K, reserved 1048576K
}
Event: 25769688.483 GC heap before
{Heap before GC invocations=116388 (full 1):
 PSYoungGen      total 24576K, used 24160K [0x00000000d5d00000, 0x00000000fd880000, 0x0000000100000000)
  eden space 24064K, 100% used [0x00000000d5d00000,0x00000000d7480000,0x00000000d7480000)
  from space 512K, 18% used [0x00000000fd800000,0x00000000fd818000,0x00000000fd880000)
  to   space 512K, 0% used [0x00000000fd780000,0x00000000fd780000,0x00000000fd800000)
 ParOldGen       total 132096K, used 65004K [0x0000000081600000, 0x0000000089700000, 0x00000000d5d00000)
  object space 132096K, 49% used [0x0000000081600000,0x000000008557b270,0x0000000089700000)
 Metaspace       used 10716K, capacity 10914K, committed 11264K, reserved 1058816K
  class space    used 1149K, capacity 1223K, committed 1280K, reserved 1048576K
Event: 25769690.159 GC heap after
Heap after GC invocations=116388 (full 1):
 PSYoungGen      total 24576K, used 96K [0x00000000d5d00000, 0x00000000fd880000, 0x0000000100000000)
  eden space 24064K, 0% used [0x00000000d5d00000,0x00000000d5d00000,0x00000000d7480000)
  from space 512K, 18% used [0x00000000fd780000,0x00000000fd798000,0x00000000fd800000)
  to   space 512K, 0% used [0x00000000fd800000,0x00000000fd800000,0x00000000fd880000)
 ParOldGen       total 132096K, used 65004K [0x0000000081600000, 0x0000000089700000, 0x00000000d5d00000)
  object space 132096K, 49% used [0x0000000081600000,0x000000008557b270,0x0000000089700000)
 Metaspace       used 10716K, capacity 10914K, committed 11264K, reserved 1058816K
  class space    used 1149K, capacity 1223K, committed 1280K, reserved 1048576K
}
Event: 25769911.865 GC heap before
{Heap before GC invocations=116389 (full 1):
 PSYoungGen      total 24576K, used 24160K [0x00000000d5d00000, 0x00000000fd880000, 0x0000000100000000)
  eden space 24064K, 100% used [0x00000000d5d00000,0x00000000d7480000,0x00000000d7480000)
  from space 512K, 18% used [0x00000000fd780000,0x00000000fd798000,0x00000000fd800000)
  to   space 512K, 0% used [0x00000000fd800000,0x00000000fd800000,0x00000000fd880000)
 ParOldGen       total 132096K, used 65004K [0x0000000081600000, 0x0000000089700000, 0x00000000d5d00000)
  object space 132096K, 49% used [0x0000000081600000,0x000000008557b270,0x0000000089700000)
 Metaspace       used 10716K, capacity 10914K, committed 11264K, reserved 1058816K
  class space    used 1149K, capacity 1223K, committed 1280K, reserved 1048576K
Event: 25769911.951 GC heap after
Heap after GC invocations=116389 (full 1):
 PSYoungGen      total 24576K, used 128K [0x00000000d5d00000, 0x00000000fd880000, 0x0000000100000000)
  eden space 24064K, 0% used [0x00000000d5d00000,0x00000000d5d00000,0x00000000d7480000)
  from space 512K, 25% used [0x00000000fd800000,0x00000000fd820000,0x00000000fd880000)
  to   space 512K, 0% used [0x00000000fd780000,0x00000000fd780000,0x00000000fd800000)
 ParOldGen       total 132096K, used 65004K [0x0000000081600000, 0x0000000089700000, 0x00000000d5d00000)
  object space 132096K, 49% used [0x0000000081600000,0x000000008557b270,0x0000000089700000)
 Metaspace       used 10716K, capacity 10914K, committed 11264K, reserved 1058816K
  class space    used 1149K, capacity 1223K, committed 1280K, reserved 1048576K
}
Event: 25770133.487 GC heap before
{Heap before GC invocations=116390 (full 1):
 PSYoungGen      total 24576K, used 24192K [0x00000000d5d00000, 0x00000000fd880000, 0x0000000100000000)
  eden space 24064K, 100% used [0x00000000d5d00000,0x00000000d7480000,0x00000000d7480000)
  from space 512K, 25% used [0x00000000fd800000,0x00000000fd820000,0x00000000fd880000)
  to   space 512K, 0% used [0x00000000fd780000,0x00000000fd780000,0x00000000fd800000)
 ParOldGen       total 132096K, used 65004K [0x0000000081600000, 0x0000000089700000, 0x00000000d5d00000)
  object space 132096K, 49% used [0x0000000081600000,0x000000008557b270,0x0000000089700000)
 Metaspace       used 10716K, capacity 10914K, committed 11264K, reserved 1058816K
  class space    used 1149K, capacity 1223K, committed 1280K, reserved 1048576K
Event: 25770133.488 GC heap after
Heap after GC invocations=116390 (full 1):
 PSYoungGen      total 24576K, used 64K [0x00000000d5d00000, 0x00000000fd880000, 0x0000000100000000)
  eden space 24064K, 0% used [0x00000000d5d00000,0x00000000d5d00000,0x00000000d7480000)
  from space 512K, 12% used [0x00000000fd780000,0x00000000fd790000,0x00000000fd800000)
  to   space 512K, 0% used [0x00000000fd800000,0x00000000fd800000,0x00000000fd880000)
 ParOldGen       total 132096K, used 65004K [0x0000000081600000, 0x0000000089700000, 0x00000000d5d00000)
  object space 132096K, 49% used [0x0000000081600000,0x000000008557b270,0x0000000089700000)
 Metaspace       used 10716K, capacity 10914K, committed 11264K, reserved 1058816K
  class space    used 1149K, capacity 1223K, committed 1280K, reserved 1048576K
}

